This is pdfTeX, Version 3.141592653-2.6-1.40.25 (MiKTeX 23.9) (preloaded format=pdflatex 2023.9.29)  14 JUL 2024 10:02
entering extended mode
 restricted \write18 enabled.
 %&-line parsing enabled.
**./Report.tex
(Report.tex
LaTeX2e <2023-06-01> patch level 1
L3 programming layer <2023-08-29>
(C:\Users\yashm\AppData\Local\Programs\MiKTeX\tex/latex/base\article.cls
Document Class: article 2023/05/17 v1.4n Standard LaTeX document class
(C:\Users\yashm\AppData\Local\Programs\MiKTeX\tex/latex/base\size10.clo
File: size10.clo 2023/05/17 v1.4n Standard LaTeX file (size option)
)
\c@part=\count185
\c@section=\count186
\c@subsection=\count187
\c@subsubsection=\count188
\c@paragraph=\count189
\c@subparagraph=\count190
\c@figure=\count191
\c@table=\count192
\abovecaptionskip=\skip48
\belowcaptionskip=\skip49
\bibindent=\dimen140
)
(C:\Users\yashm\AppData\Local\Programs\MiKTeX\tex/latex/amsmath\amsmath.sty
Package: amsmath 2023/05/13 v2.17o AMS math features
\@mathmargin=\skip50

For additional information on amsmath, use the `?' option.
(C:\Users\yashm\AppData\Local\Programs\MiKTeX\tex/latex/amsmath\amstext.sty
Package: amstext 2021/08/26 v2.01 AMS text

(C:\Users\yashm\AppData\Local\Programs\MiKTeX\tex/latex/amsmath\amsgen.sty
File: amsgen.sty 1999/11/30 v2.0 generic functions
\@emptytoks=\toks17
\ex@=\dimen141
))
(C:\Users\yashm\AppData\Local\Programs\MiKTeX\tex/latex/amsmath\amsbsy.sty
Package: amsbsy 1999/11/29 v1.2d Bold Symbols
\pmbraise@=\dimen142
)
(C:\Users\yashm\AppData\Local\Programs\MiKTeX\tex/latex/amsmath\amsopn.sty
Package: amsopn 2022/04/08 v2.04 operator names
)
\inf@bad=\count193
LaTeX Info: Redefining \frac on input line 234.
\uproot@=\count194
\leftroot@=\count195
LaTeX Info: Redefining \overline on input line 399.
LaTeX Info: Redefining \colon on input line 410.
\classnum@=\count196
\DOTSCASE@=\count197
LaTeX Info: Redefining \ldots on input line 496.
LaTeX Info: Redefining \dots on input line 499.
LaTeX Info: Redefining \cdots on input line 620.
\Mathstrutbox@=\box51
\strutbox@=\box52
LaTeX Info: Redefining \big on input line 722.
LaTeX Info: Redefining \Big on input line 723.
LaTeX Info: Redefining \bigg on input line 724.
LaTeX Info: Redefining \Bigg on input line 725.
\big@size=\dimen143
LaTeX Font Info:    Redeclaring font encoding OML on input line 743.
LaTeX Font Info:    Redeclaring font encoding OMS on input line 744.
\macc@depth=\count198
LaTeX Info: Redefining \bmod on input line 905.
LaTeX Info: Redefining \pmod on input line 910.
LaTeX Info: Redefining \smash on input line 940.
LaTeX Info: Redefining \relbar on input line 970.
LaTeX Info: Redefining \Relbar on input line 971.
\c@MaxMatrixCols=\count199
\dotsspace@=\muskip16
\c@parentequation=\count266
\dspbrk@lvl=\count267
\tag@help=\toks18
\row@=\count268
\column@=\count269
\maxfields@=\count270
\andhelp@=\toks19
\eqnshift@=\dimen144
\alignsep@=\dimen145
\tagshift@=\dimen146
\tagwidth@=\dimen147
\totwidth@=\dimen148
\lineht@=\dimen149
\@envbody=\toks20
\multlinegap=\skip51
\multlinetaggap=\skip52
\mathdisplay@stack=\toks21
LaTeX Info: Redefining \[ on input line 2953.
LaTeX Info: Redefining \] on input line 2954.
)
(C:\Users\yashm\AppData\Local\Programs\MiKTeX\tex/latex/amsfonts\amssymb.sty
Package: amssymb 2013/01/14 v3.01 AMS font symbols

(C:\Users\yashm\AppData\Local\Programs\MiKTeX\tex/latex/amsfonts\amsfonts.sty
Package: amsfonts 2013/01/14 v3.01 Basic AMSFonts support
\symAMSa=\mathgroup4
\symAMSb=\mathgroup5
LaTeX Font Info:    Redeclaring math symbol \hbar on input line 98.
LaTeX Font Info:    Overwriting math alphabet `\mathfrak' in version `bold'
(Font)                  U/euf/m/n --> U/euf/b/n on input line 106.
)) (C:\Users\yashm\AppData\Local\Programs\MiKTeX\tex/latex/graphics\graphicx.st
y
Package: graphicx 2021/09/16 v1.2d Enhanced LaTeX Graphics (DPC,SPQR)

(C:\Users\yashm\AppData\Local\Programs\MiKTeX\tex/latex/graphics\keyval.sty
Package: keyval 2022/05/29 v1.15 key=value parser (DPC)
\KV@toks@=\toks22
)
(C:\Users\yashm\AppData\Local\Programs\MiKTeX\tex/latex/graphics\graphics.sty
Package: graphics 2022/03/10 v1.4e Standard LaTeX Graphics (DPC,SPQR)

(C:\Users\yashm\AppData\Local\Programs\MiKTeX\tex/latex/graphics\trig.sty
Package: trig 2021/08/11 v1.11 sin cos tan (DPC)
)
(C:\Users\yashm\AppData\Local\Programs\MiKTeX\tex/latex/graphics-cfg\graphics.c
fg
File: graphics.cfg 2016/06/04 v1.11 sample graphics configuration
)
Package graphics Info: Driver file: pdftex.def on input line 107.

(C:\Users\yashm\AppData\Local\Programs\MiKTeX\tex/latex/graphics-def\pdftex.def
File: pdftex.def 2022/09/22 v1.2b Graphics/color driver for pdftex
))
\Gin@req@height=\dimen150
\Gin@req@width=\dimen151
) (C:\Users\yashm\AppData\Local\Programs\MiKTeX\tex/latex/lipsum\lipsum.sty
(C:\Users\yashm\AppData\Local\Programs\MiKTeX\tex/latex/l3packages/l3keys2e\l3k
eys2e.sty
(C:\Users\yashm\AppData\Local\Programs\MiKTeX\tex/latex/l3kernel\expl3.sty
Package: expl3 2023-08-29 L3 programming layer (loader) 

(C:\Users\yashm\AppData\Local\Programs\MiKTeX\tex/latex/l3backend\l3backend-pdf
tex.def
File: l3backend-pdftex.def 2023-04-19 L3 backend support: PDF output (pdfTeX)
\l__color_backend_stack_int=\count271
\l__pdf_internal_box=\box53
))
Package: l3keys2e 2023-08-29 LaTeX2e option processing using LaTeX3 keys
)
Package: lipsum 2021-09-20 v2.7 150 paragraphs of Lorem Ipsum dummy text
\g__lipsum_par_int=\count272
\l__lipsum_a_int=\count273
\l__lipsum_b_int=\count274

(C:\Users\yashm\AppData\Local\Programs\MiKTeX\tex/latex/lipsum\lipsum.ltd.tex))
(C:\Users\yashm\AppData\Local\Programs\MiKTeX\tex/latex/geometry\geometry.sty
Package: geometry 2020/01/02 v5.9 Page Geometry

(C:\Users\yashm\AppData\Local\Programs\MiKTeX\tex/generic/iftex\ifvtex.sty
Package: ifvtex 2019/10/25 v1.7 ifvtex legacy package. Use iftex instead.

(C:\Users\yashm\AppData\Local\Programs\MiKTeX\tex/generic/iftex\iftex.sty
Package: iftex 2022/02/03 v1.0f TeX engine tests
))
\Gm@cnth=\count275
\Gm@cntv=\count276
\c@Gm@tempcnt=\count277
\Gm@bindingoffset=\dimen152
\Gm@wd@mp=\dimen153
\Gm@odd@mp=\dimen154
\Gm@even@mp=\dimen155
\Gm@layoutwidth=\dimen156
\Gm@layoutheight=\dimen157
\Gm@layouthoffset=\dimen158
\Gm@layoutvoffset=\dimen159
\Gm@dimlist=\toks23

(C:\Users\yashm\AppData\Local\Programs\MiKTeX\tex/latex/geometry\geometry.cfg))
(C:\Users\yashm\AppData\Local\Programs\MiKTeX\tex/latex/fancyhdr\fancyhdr.sty
Package: fancyhdr 2022/11/09 v4.1 Extensive control of page headers and footers

\f@nch@headwidth=\skip53
\f@nch@O@elh=\skip54
\f@nch@O@erh=\skip55
\f@nch@O@olh=\skip56
\f@nch@O@orh=\skip57
\f@nch@O@elf=\skip58
\f@nch@O@erf=\skip59
\f@nch@O@olf=\skip60
\f@nch@O@orf=\skip61
)
(C:\Users\yashm\AppData\Local\Programs\MiKTeX\tex/latex/float\float.sty
Package: float 2001/11/08 v1.3d Float enhancements (AL)
\c@float@type=\count278
\float@exts=\toks24
\float@box=\box54
\@float@everytoks=\toks25
\@floatcapt=\box55
)
(C:\Users\yashm\AppData\Local\Programs\MiKTeX\tex/latex/caption\subcaption.sty
Package: subcaption 2023/07/28 v1.6b Sub-captions (AR)

(C:\Users\yashm\AppData\Local\Programs\MiKTeX\tex/latex/caption\caption.sty
Package: caption 2023/08/05 v3.6o Customizing captions (AR)

(C:\Users\yashm\AppData\Local\Programs\MiKTeX\tex/latex/caption\caption3.sty
Package: caption3 2023/07/31 v2.4d caption3 kernel (AR)
\caption@tempdima=\dimen160
\captionmargin=\dimen161
\caption@leftmargin=\dimen162
\caption@rightmargin=\dimen163
\caption@width=\dimen164
\caption@indent=\dimen165
\caption@parindent=\dimen166
\caption@hangindent=\dimen167
Package caption Info: Standard document class detected.
)
\c@caption@flags=\count279
\c@continuedfloat=\count280
Package caption Info: float package is loaded.
)
Package caption Info: New subtype `subfigure' on input line 238.
\c@subfigure=\count281
Package caption Info: New subtype `subtable' on input line 238.
\c@subtable=\count282
) (Report.aux)
\openout1 = `Report.aux'.

LaTeX Font Info:    Checking defaults for OML/cmm/m/it on input line 16.
LaTeX Font Info:    ... okay on input line 16.
LaTeX Font Info:    Checking defaults for OMS/cmsy/m/n on input line 16.
LaTeX Font Info:    ... okay on input line 16.
LaTeX Font Info:    Checking defaults for OT1/cmr/m/n on input line 16.
LaTeX Font Info:    ... okay on input line 16.
LaTeX Font Info:    Checking defaults for T1/cmr/m/n on input line 16.
LaTeX Font Info:    ... okay on input line 16.
LaTeX Font Info:    Checking defaults for TS1/cmr/m/n on input line 16.
LaTeX Font Info:    ... okay on input line 16.
LaTeX Font Info:    Checking defaults for OMX/cmex/m/n on input line 16.
LaTeX Font Info:    ... okay on input line 16.
LaTeX Font Info:    Checking defaults for U/cmr/m/n on input line 16.
LaTeX Font Info:    ... okay on input line 16.

(C:\Users\yashm\AppData\Local\Programs\MiKTeX\tex/context/base/mkii\supp-pdf.mk
ii
[Loading MPS to PDF converter (version 2006.09.02).]
\scratchcounter=\count283
\scratchdimen=\dimen168
\scratchbox=\box56
\nofMPsegments=\count284
\nofMParguments=\count285
\everyMPshowfont=\toks26
\MPscratchCnt=\count286
\MPscratchDim=\dimen169
\MPnumerator=\count287
\makeMPintoPDFobject=\count288
\everyMPtoPDFconversion=\toks27
)
(C:\Users\yashm\AppData\Local\Programs\MiKTeX\tex/latex/epstopdf-pkg\epstopdf-b
ase.sty
Package: epstopdf-base 2020-01-24 v2.11 Base part for package epstopdf
Package epstopdf-base Info: Redefining graphics rule for `.eps' on input line 4
85.

(C:\Users\yashm\AppData\Local\Programs\MiKTeX\tex/latex/00miktex\epstopdf-sys.c
fg
File: epstopdf-sys.cfg 2021/03/18 v2.0 Configuration of epstopdf for MiKTeX
))
*geometry* driver: auto-detecting
*geometry* detected driver: pdftex
*geometry* verbose mode - [ preamble ] result:
* driver: pdftex
* paper: <default>
* layout: <same size as paper>
* layoutoffset:(h,v)=(0.0pt,0.0pt)
* modes: includefoot 
* h-part:(L,W,R)=(72.26999pt, 469.75502pt, 72.26999pt)
* v-part:(T,H,B)=(72.26999pt, 650.43001pt, 72.26999pt)
* \paperwidth=614.295pt
* \paperheight=794.96999pt
* \textwidth=469.75502pt
* \textheight=620.43001pt
* \oddsidemargin=0.0pt
* \evensidemargin=0.0pt
* \topmargin=-37.0pt
* \headheight=12.0pt
* \headsep=25.0pt
* \topskip=10.0pt
* \footskip=30.0pt
* \marginparwidth=65.0pt
* \marginparsep=11.0pt
* \columnsep=10.0pt
* \skip\footins=9.0pt plus 4.0pt minus 2.0pt
* \hoffset=0.0pt
* \voffset=0.0pt
* \mag=1000
* \@twocolumnfalse
* \@twosidefalse
* \@mparswitchfalse
* \@reversemarginfalse
* (1in=72.27pt=25.4mm, 1cm=28.453pt)

Package caption Info: Begin \AtBeginDocument code.
Package caption Info: End \AtBeginDocument code.
[1

{C:/Users/yashm/AppData/Local/MiKTeX/fonts/map/pdftex/pdftex.map}]
(Report.toc
LaTeX Font Info:    Trying to load font information for U+msa on input line 4.

(C:\Users\yashm\AppData\Local\Programs\MiKTeX\tex/latex/amsfonts\umsa.fd
File: umsa.fd 2013/01/14 v3.01 AMS symbols A
)
LaTeX Font Info:    Trying to load font information for U+msb on input line 4.

(C:\Users\yashm\AppData\Local\Programs\MiKTeX\tex/latex/amsfonts\umsb.fd
File: umsb.fd 2013/01/14 v3.01 AMS symbols B
))
\tf@toc=\write3
\openout3 = `Report.toc'.


[1]
Underfull \hbox (badness 10000) in paragraph at lines 47--53

 []


Underfull \hbox (badness 10000) in paragraph at lines 47--53

 []


Underfull \hbox (badness 10000) in paragraph at lines 47--53

 []


Underfull \hbox (badness 10000) in paragraph at lines 55--60

 []


Underfull \hbox (badness 10000) in paragraph at lines 55--60

 []


Underfull \hbox (badness 10000) in paragraph at lines 55--60

 []

[1

]
<Three important peaks.jpeg, id=15, 784.9325pt x 560.0925pt>
File: Three important peaks.jpeg Graphic file (type jpg)
<use Three important peaks.jpeg>
Package pdftex.def Info: Three important peaks.jpeg  used on input line 70.
(pdftex.def)             Requested size: 303.84679pt x 216.81pt.
<Pre-processed Image.png, id=16, 395.3169pt x 298.4751pt>
File: Pre-processed Image.png Graphic file (type png)
<use Pre-processed Image.png>
Package pdftex.def Info: Pre-processed Image.png  used on input line 83.
(pdftex.def)             Requested size: 287.15536pt x 216.81pt.

Underfull \hbox (badness 10000) in paragraph at lines 76--86

 []


Underfull \hbox (badness 10000) in paragraph at lines 76--86

 []


Underfull \hbox (badness 10000) in paragraph at lines 76--86

 []

[2 <./Three important peaks.jpeg>]
Underfull \hbox (badness 10000) in paragraph at lines 89--90

 []

[3 <./Pre-processed Image.png>]
<Original Dataset.png, id=25, 823.27576pt x 266.1945pt>
File: Original Dataset.png Graphic file (type png)
<use Original Dataset.png>
Package pdftex.def Info: Original Dataset.png  used on input line 102.
(pdftex.def)             Requested size: 335.27148pt x 108.405pt.

Underfull \hbox (badness 10000) in paragraph at lines 93--105

 []


Underfull \hbox (badness 10000) in paragraph at lines 93--105

 []


Underfull \hbox (badness 10000) in paragraph at lines 93--105

 []

<Averaged Dataset.png, id=26, 723.9045pt x 195.73125pt>
File: Averaged Dataset.png Graphic file (type png)
<use Averaged Dataset.png>
Package pdftex.def Info: Averaged Dataset.png  used on input line 109.
(pdftex.def)             Requested size: 400.93227pt x 108.405pt.
[4 <./Original Dataset.png> <./Averaged Dataset.png>]
<Optimize k means.png, id=32, 339.06676pt x 214.401pt>
File: Optimize k means.png Graphic file (type png)
<use Optimize k means.png>
Package pdftex.def Info: Optimize k means.png  used on input line 120.
(pdftex.def)             Requested size: 228.59114pt x 144.54pt.

Underfull \hbox (badness 10000) in paragraph at lines 115--123

 []


Underfull \hbox (badness 10000) in paragraph at lines 115--123

 []


Underfull \hbox (badness 10000) in paragraph at lines 125--128

 []


Underfull \hbox (badness 10000) in paragraph at lines 125--128

 []

<Thresholds .png, id=33, 590.205pt x 102.3825pt>
File: Thresholds .png Graphic file (type png)
<use Thresholds .png>
Package pdftex.def Info: Thresholds .png  used on input line 132.
(pdftex.def)             Requested size: 416.64394pt x 72.26999pt.

Underfull \hbox (badness 10000) in paragraph at lines 129--135

 []

[5 <./Optimize k means.png>]
<Optimal k for avg dataset.png, id=39, 450.483pt x 344.487pt>
File: Optimal k for avg dataset.png Graphic file (type png)
<use Optimal k for avg dataset.png>
Package pdftex.def Info: Optimal k for avg dataset.png  used on input line 145.

(pdftex.def)             Requested size: 94.5011pt x 72.26999pt.
<Optimal k for og dataset.png, id=40, 459.51675pt x 345.08925pt>
File: Optimal k for og dataset.png Graphic file (type png)
<use Optimal k for og dataset.png>
Package pdftex.def Info: Optimal k for og dataset.png  used on input line 150.
(pdftex.def)             Requested size: 96.2279pt x 72.26999pt.

Underfull \hbox (badness 10000) in paragraph at lines 136--154

 []


Underfull \hbox (badness 10000) in paragraph at lines 136--154

 []


Underfull \hbox (badness 10000) in paragraph at lines 136--154

 []

<Original Dataset optimal image.png, id=41, 395.3169pt x 298.4751pt>
File: Original Dataset optimal image.png Graphic file (type png)
<use Original Dataset optimal image.png>
Package pdftex.def Info: Original Dataset optimal image.png  used on input line
 161.
(pdftex.def)             Requested size: 191.43892pt x 144.54pt.
<Avergaed Dataset optimal image.png, id=42, 395.3169pt x 298.4751pt>
File: Avergaed Dataset optimal image.png Graphic file (type png)
<use Avergaed Dataset optimal image.png>
Package pdftex.def Info: Avergaed Dataset optimal image.png  used on input line
 166.
(pdftex.def)             Requested size: 191.43892pt x 144.54pt.
[6 <./Thresholds .png> <./Optimal k for avg dataset.png> <./Optimal k for og da
taset.png> <./Original Dataset optimal image.png> <./Avergaed Dataset optimal i
mage.png>]
Underfull \hbox (badness 10000) in paragraph at lines 176--184

 []


Underfull \hbox (badness 10000) in paragraph at lines 176--184

 []


Underfull \hbox (badness 10000) in paragraph at lines 176--184

 []


Overfull \hbox (30.80988pt too wide) in paragraph at lines 185--188
\OT1/cmr/m/n/10 [1] Github Repos-i-tory for Dataset - https://github.com/QIBChe
mometrics/Wine[]Cabernet[]Shiraz[]FTIR/tree/main
 []

[7] (Report.aux)
 ***********
LaTeX2e <2023-06-01> patch level 1
L3 programming layer <2023-08-29>
 ***********
 ) 
Here is how much of TeX's memory you used:
 5319 strings out of 475248
 90777 string characters out of 5757813
 1925801 words of memory out of 5000000
 26802 multiletter control sequences out of 15000+600000
 563696 words of font info for 57 fonts, out of 8000000 for 9000
 1141 hyphenation exceptions out of 8191
 79i,12n,93p,687b,498s stack positions out of 10000i,1000n,20000p,200000b,200000s
<C:/Users/yashm/AppData/Local/Programs/MiKTeX/fonts/type1/public/amsfonts/cm/
cmbx10.pfb><C:/Users/yashm/AppData/Local/Programs/MiKTeX/fonts/type1/public/ams
fonts/cm/cmbx12.pfb><C:/Users/yashm/AppData/Local/Programs/MiKTeX/fonts/type1/p
ublic/amsfonts/cm/cmcsc10.pfb><C:/Users/yashm/AppData/Local/Programs/MiKTeX/fon
ts/type1/public/amsfonts/cm/cmr10.pfb><C:/Users/yashm/AppData/Local/Programs/Mi
KTeX/fonts/type1/public/amsfonts/cm/cmr9.pfb>
Output written on Report.pdf (9 pages, 344244 bytes).
PDF statistics:
 77 PDF objects out of 1000 (max. 8388607)
 0 named destinations out of 1000 (max. 500000)
 51 words of extra memory for PDF output out of 10000 (max. 10000000)

